<?xml version="1.0" encoding="UTF-8"?>
<!-- Generated by org.testng.reporters.JUnitXMLReporter -->
<testsuite hostname="MBRLT00401" name="AddCustomer" tests="6" failures="0" timestamp="27 Jan 2020 18:11:42 GMT" time="2.092" errors="0">
  <testcase name="addCustomerTest" time="0.524" classname="com.rajat.Testcases.AddCustomerTest"/>
  <testcase name="addCustomerTest" time="0.514" classname="com.rajat.Testcases.AddCustomerTest"/>
  <testcase name="addCustomerTest" time="0.0" classname="com.rajat.Testcases.AddCustomerTest">
    <skipped/>
  </testcase> <!-- addCustomerTest -->
  <testcase name="addCustomerTest" time="0.0" classname="com.rajat.Testcases.AddCustomerTest">
    <skipped/>
  </testcase> <!-- addCustomerTest -->
  <testcase name="addCustomerTest" time="0.459" classname="com.rajat.Testcases.AddCustomerTest"/>
  <testcase name="addCustomerTest" time="0.549" classname="com.rajat.Testcases.AddCustomerTest"/>
</testsuite> <!-- AddCustomer -->
