<?xml version="1.0" encoding="UTF-8"?>
<!-- Generated by org.testng.reporters.JUnitXMLReporter -->
<testsuite hostname="MBRLT00401" name="AddNewCustomer" tests="6" failures="0" timestamp="27 Jan 2020 18:11:47 GMT" time="2.791" errors="0">
  <testcase name="addNewCustomerTest" time="0.287" classname="com.rajat.Testcases.AddNewCustomerTest"/>
  <testcase name="addNewCustomerTest" time="0.646" classname="com.rajat.Testcases.AddNewCustomerTest"/>
  <testcase name="addNewCustomerTest" time="0.432" classname="com.rajat.Testcases.AddNewCustomerTest"/>
  <testcase name="addNewCustomerTest" time="0.467" classname="com.rajat.Testcases.AddNewCustomerTest"/>
  <testcase name="addNewCustomerTest" time="0.515" classname="com.rajat.Testcases.AddNewCustomerTest"/>
  <testcase name="addNewCustomerTest" time="0.432" classname="com.rajat.Testcases.AddNewCustomerTest"/>
</testsuite> <!-- AddNewCustomer -->
