<?xml version="1.0" encoding="UTF-8"?>
<!-- Generated by org.testng.reporters.JUnitXMLReporter -->
<testsuite hostname="MBRLT00401" name="BankManagerLogin" tests="2" failures="1" timestamp="27 Jan 2020 18:11:40 GMT" time="0.478" errors="0">
  <testcase name="bankManagerLoginTest" time="0.199" classname="com.rajat.Testcases.BankManagerLoginTest">
    <failure type="java.lang.AssertionError" message="null">
      <![CDATA[java.lang.AssertionError: null
	at com.rajat.Testcases.BankManagerLoginTest.bankManagerLoginTest(BankManagerLoginTest.java:28)
... Removed 30 stack frames]]>
    </failure>
  </testcase> <!-- bankManagerLoginTest -->
  <testcase name="bankManagerLoginTestt" time="0.003" classname="com.rajat.Testcases.BankManagerLoginTest">
    <skipped/>
  </testcase> <!-- bankManagerLoginTestt -->
</testsuite> <!-- BankManagerLogin -->
