<?xml version="1.0" encoding="UTF-8"?>
<testsuite xmlns:xsi="http://www.w3.org/2001/XMLSchema-instance" xsi:noNamespaceSchemaLocation="https://maven.apache.org/surefire/maven-surefire-plugin/xsd/surefire-test-report-3.0.xsd" version="3.0" name="TestSuite" time="29.537" tests="15" errors="0" skipped="3" failures="1">
  <properties>
[...]
</properties>
  <testcase name="bankManagerLoginTest" classname="com.rajat.Testcases.BankManagerLoginTest" time="0.213">
    <failure type="java.lang.AssertionError:">java.lang.AssertionError: null
	at com.rajat.Testcases.BankManagerLoginTest.bankManagerLoginTest(BankManagerLoginTest.java:28)
</failure>
    <system-out><![CDATA[chrome
******* On Test Start Execution Started********
Class Level Extent Object--->com.aventstack.extentreports.ExtentTest@4e517165
]]></system-out>
    <system-err><![CDATA[SLF4J: Failed to load class "org.slf4j.impl.StaticLoggerBinder".
SLF4J: Defaulting to no-operation (NOP) logger implementation
SLF4J: See http://www.slf4j.org/codes.html#StaticLoggerBinder for further details.
Jan 27, 2020 11:41:30 PM java.util.prefs.WindowsPreferences <init>
WARNING: Could not open/create prefs root node Software\JavaSoft\Prefs at root 0x80000002. Windows RegCreateKeyEx(...) returned error code 5.
1580148692205	mozrunner::runner	INFO	Running command: "C:\\Program Files (x86)\\Mozilla Firefox\\firefox.exe" "-marionette" "-foreground" "-no-remote" "-profile" "C:\\Users\\RAJAT~1.GUP\\AppData\\Local\\Temp\\rust_mozprofile3T12YS"
1580148692963	addons.webextension.doh-rollout@mozilla.org	WARN	Loading extension 'doh-rollout@mozilla.org': Reading manifest: Invalid extension permission: networkStatus
1580148693621	addons.webextension.screenshots@mozilla.org	WARN	Loading extension 'screenshots@mozilla.org': Reading manifest: Invalid extension permission: mozillaAddons
1580148693621	addons.webextension.screenshots@mozilla.org	WARN	Loading extension 'screenshots@mozilla.org': Reading manifest: Invalid extension permission: telemetry
1580148693622	addons.webextension.screenshots@mozilla.org	WARN	Loading extension 'screenshots@mozilla.org': Reading manifest: Invalid extension permission: resource://pdf.js/
1580148693623	addons.webextension.screenshots@mozilla.org	WARN	Loading extension 'screenshots@mozilla.org': Reading manifest: Invalid extension permission: about:reader*
JavaScript error: resource://gre/modules/XULStore.jsm, line 66: Error: Can't find profile directory.
1580148696208	Marionette	INFO	Listening on port 50001
1580148696564	Marionette	WARN	TLS certificate errors will be ignored for this session
Jan 27, 2020 11:41:36 PM org.openqa.selenium.remote.ProtocolHandshake createSession
INFO: Detected dialect: W3C
]]></system-err>
  </testcase>
  <testcase name="bankManagerLoginTestt" classname="com.rajat.Testcases.BankManagerLoginTest" time="0">
    <skipped message="Runmode is NO"/>
    <system-out><![CDATA[******* On Test Start Execution Started********
Class Level Extent Object--->com.aventstack.extentreports.ExtentTest@4e517165
]]></system-out>
  </testcase>
  <testcase name="addCustomerTest" classname="com.rajat.Testcases.AddCustomerTest" time="0.526"/>
  <testcase name="addCustomerTest" classname="com.rajat.Testcases.AddCustomerTest" time="0.515"/>
  <testcase name="addCustomerTest" classname="com.rajat.Testcases.AddCustomerTest" time="0">
    <skipped message="RunMode for this data provider is Off"/>
    <system-out><![CDATA[******* On Test Start Execution Started********
Class Level Extent Object--->com.aventstack.extentreports.ExtentTest@78aea4b9
]]></system-out>
  </testcase>
  <testcase name="addCustomerTest" classname="com.rajat.Testcases.AddCustomerTest" time="0">
    <skipped message="RunMode for this data provider is Off"/>
    <system-out><![CDATA[******* On Test Start Execution Started********
Class Level Extent Object--->com.aventstack.extentreports.ExtentTest@78aea4b9
]]></system-out>
  </testcase>
  <testcase name="addCustomerTest" classname="com.rajat.Testcases.AddCustomerTest" time="0.458"/>
  <testcase name="addCustomerTest" classname="com.rajat.Testcases.AddCustomerTest" time="0.549"/>
  <testcase name="openAccountTest" classname="com.rajat.Testcases.OpenAccountTest" time="1.803"/>
  <testcase name="addNewCustomerTest" classname="com.rajat.Testcases.AddNewCustomerTest" time="0.287"/>
  <testcase name="addNewCustomerTest" classname="com.rajat.Testcases.AddNewCustomerTest" time="0.647"/>
  <testcase name="addNewCustomerTest" classname="com.rajat.Testcases.AddNewCustomerTest" time="0.432"/>
  <testcase name="addNewCustomerTest" classname="com.rajat.Testcases.AddNewCustomerTest" time="0.468"/>
  <testcase name="addNewCustomerTest" classname="com.rajat.Testcases.AddNewCustomerTest" time="0.514"/>
  <testcase name="addNewCustomerTest" classname="com.rajat.Testcases.AddNewCustomerTest" time="0.432"/>
</testsuite>