<?xml version="1.0" encoding="UTF-8"?>
<testsuite name="AddCustomer"
           tests="6"
           failures="0"
           errors="0"
           skipped="2"
           time="1.908">
  <properties />
  
            <testcase name="addCustomerTest" time="0.0" classname="com.rajat.Testcases.AddCustomerTest">
          <skipped />
    </testcase>
            <testcase name="addCustomerTest" time="0.0" classname="com.rajat.Testcases.AddCustomerTest">
          <skipped />
    </testcase>
  
            <testcase name="addCustomerTest" time="0.357" classname="com.rajat.Testcases.AddCustomerTest" />
                <testcase name="addCustomerTest" time="0.330" classname="com.rajat.Testcases.AddCustomerTest" />
                <testcase name="addCustomerTest" time="0.334" classname="com.rajat.Testcases.AddCustomerTest" />
                <testcase name="addCustomerTest" time="0.874" classname="com.rajat.Testcases.AddCustomerTest" />
      
</testsuite>
