<?xml version="1.0" encoding="UTF-8"?>
<testng-results skipped="0" failed="0" total="1" passed="1">
  <reporter-output>
  </reporter-output>
  <suite name="Default suite" duration-ms="45" started-at="2020-03-19T08:46:46Z" finished-at="2020-03-19T08:46:46Z">
    <groups>
    </groups>
    <test name="Default test" duration-ms="45" started-at="2020-03-19T08:46:46Z" finished-at="2020-03-19T08:46:46Z">
      <class name="com.rajat.rough.SoftAssert">
        <test-method status="PASS" signature="doTest()[pri:0, instance:com.rajat.rough.SoftAssert@d8355a8]" name="doTest" duration-ms="25" started-at="2020-03-19T14:16:46Z" finished-at="2020-03-19T14:16:46Z">
          <reporter-output>
          </reporter-output>
        </test-method> <!-- doTest -->
      </class> <!-- com.rajat.rough.SoftAssert -->
    </test> <!-- Default test -->
  </suite> <!-- Default suite -->
</testng-results>
