<?xml version="1.0" encoding="UTF-8"?>
<testsuite name="AddCustomer"
           tests="6"
           failures="0"
           errors="0"
           skipped="2"
           time="2.046">
  <properties />
  
            <testcase name="addCustomerTest" time="0.0" classname="com.rajat.Testcases.AddCustomerTest">
          <skipped />
    </testcase>
            <testcase name="addCustomerTest" time="0.0" classname="com.rajat.Testcases.AddCustomerTest">
          <skipped />
    </testcase>
  
            <testcase name="addCustomerTest" time="0.524" classname="com.rajat.Testcases.AddCustomerTest" />
                <testcase name="addCustomerTest" time="0.459" classname="com.rajat.Testcases.AddCustomerTest" />
                <testcase name="addCustomerTest" time="0.514" classname="com.rajat.Testcases.AddCustomerTest" />
                <testcase name="addCustomerTest" time="0.549" classname="com.rajat.Testcases.AddCustomerTest" />
      
</testsuite>
