<?xml version="1.0" encoding="UTF-8"?>
<testsuite name="AddNewCustomer"
           tests="6"
           failures="0"
           errors="0"
           skipped="0"
           time="2.779">
  <properties />
  
  
            <testcase name="addNewCustomerTest" time="0.432" classname="com.rajat.Testcases.AddNewCustomerTest" />
                <testcase name="addNewCustomerTest" time="0.646" classname="com.rajat.Testcases.AddNewCustomerTest" />
                <testcase name="addNewCustomerTest" time="0.515" classname="com.rajat.Testcases.AddNewCustomerTest" />
                <testcase name="addNewCustomerTest" time="0.432" classname="com.rajat.Testcases.AddNewCustomerTest" />
                <testcase name="addNewCustomerTest" time="0.467" classname="com.rajat.Testcases.AddNewCustomerTest" />
                <testcase name="addNewCustomerTest" time="0.287" classname="com.rajat.Testcases.AddNewCustomerTest" />
      
</testsuite>
