<?xml version="1.0" encoding="UTF-8"?>
<!-- Generated by org.testng.reporters.JUnitXMLReporter -->
<testsuite hostname="MBRLT00401" name="AddCustomer" tests="6" failures="0" timestamp="20 Feb 2020 06:01:54 GMT" time="1.959" errors="0">
  <testcase name="addCustomerTest" time="0.874" classname="com.rajat.Testcases.AddCustomerTest"/>
  <testcase name="addCustomerTest" time="0.357" classname="com.rajat.Testcases.AddCustomerTest"/>
  <testcase name="addCustomerTest" time="0.01" classname="com.rajat.Testcases.AddCustomerTest">
    <skipped/>
  </testcase> <!-- addCustomerTest -->
  <testcase name="addCustomerTest" time="0.003" classname="com.rajat.Testcases.AddCustomerTest">
    <skipped/>
  </testcase> <!-- addCustomerTest -->
  <testcase name="addCustomerTest" time="0.334" classname="com.rajat.Testcases.AddCustomerTest"/>
  <testcase name="addCustomerTest" time="0.33" classname="com.rajat.Testcases.AddCustomerTest"/>
</testsuite> <!-- AddCustomer -->
