<?xml version="1.0" encoding="UTF-8"?>
<!-- Generated by org.testng.reporters.JUnitXMLReporter -->
<testsuite hostname="MBRLT00401" name="AddCustomerTest" tests="1" failures="1" timestamp="25 Jan 2020 21:29:03 GMT" time="1.366" errors="0">
  <testcase name="addCustomerTest" time="0.799" classname="com.rajat.Testcases.AddCustomerTest">
    <failure type="java.lang.AssertionError" message="null">
      <![CDATA[java.lang.AssertionError: null
	at com.rajat.Testcases.AddCustomerTest.addCustomerTest(AddCustomerTest.java:25)
... Removed 26 stack frames]]>
    </failure>
  </testcase> <!-- addCustomerTest -->
</testsuite> <!-- AddCustomerTest -->
