<?xml version="1.0" encoding="UTF-8"?>
<!-- Generated by org.testng.reporters.JUnitXMLReporter -->
<testsuite hostname="MBRLT00401" name="AddNewCustomer" tests="6" failures="0" timestamp="20 Feb 2020 06:01:57 GMT" time="2.378" errors="0">
  <testcase name="addNewCustomerTest" time="0.5" classname="com.rajat.Testcases.AddNewCustomerTest"/>
  <testcase name="addNewCustomerTest" time="0.361" classname="com.rajat.Testcases.AddNewCustomerTest"/>
  <testcase name="addNewCustomerTest" time="0.407" classname="com.rajat.Testcases.AddNewCustomerTest"/>
  <testcase name="addNewCustomerTest" time="0.356" classname="com.rajat.Testcases.AddNewCustomerTest"/>
  <testcase name="addNewCustomerTest" time="0.378" classname="com.rajat.Testcases.AddNewCustomerTest"/>
  <testcase name="addNewCustomerTest" time="0.351" classname="com.rajat.Testcases.AddNewCustomerTest"/>
</testsuite> <!-- AddNewCustomer -->
