<?xml version="1.0" encoding="UTF-8"?>
<!-- Generated by org.testng.reporters.JUnitXMLReporter -->
<testsuite hostname="MBRLT00401" name="BankManagerLoginTest" tests="2" failures="1" timestamp="25 Jan 2020 21:29:01 GMT" time="0.905" errors="0">
  <testcase name="loginAsBankManager1" time="0.348" classname="com.rajat.Testcases.BankManagerLoginTest">
    <failure type="java.lang.ClassCastException" message="com.aventstack.extentreports.ExtentTest cannot be cast to com.aventstack.extentreports.markuputils.Markup">
      <![CDATA[java.lang.ClassCastException: com.aventstack.extentreports.ExtentTest cannot be cast to com.aventstack.extentreports.markuputils.Markup
	at com.rajat.base.TestBase.verfiyEquals(TestBase.java:140)
	at com.rajat.Testcases.BankManagerLoginTest.loginAsBankManager1(BankManagerLoginTest.java:18)
... Removed 24 stack frames]]>
    </failure>
  </testcase> <!-- loginAsBankManager1 -->
  <testcase name="loginAsBankManager2" time="0.213" classname="com.rajat.Testcases.BankManagerLoginTest">
    <skipped/>
  </testcase> <!-- loginAsBankManager2 -->
</testsuite> <!-- BankManagerLoginTest -->
