<?xml version="1.0" encoding="UTF-8"?>
<!-- Generated by org.testng.reporters.JUnitXMLReporter -->
<testsuite hostname="MBRLT00401" name="BankManagerLogin" tests="2" failures="1" timestamp="20 Feb 2020 06:01:52 GMT" time="0.636" errors="0">
  <testcase name="bankManagerLoginTest" time="0.198" classname="com.rajat.Testcases.BankManagerLoginTest">
    <failure type="java.lang.AssertionError" message="null">
      <![CDATA[java.lang.AssertionError: null
	at com.rajat.Testcases.BankManagerLoginTest.bankManagerLoginTest(BankManagerLoginTest.java:28)
... Removed 26 stack frames]]>
    </failure>
  </testcase> <!-- bankManagerLoginTest -->
  <testcase name="bankManagerLoginTestt" time="0.009" classname="com.rajat.Testcases.BankManagerLoginTest">
    <skipped/>
  </testcase> <!-- bankManagerLoginTestt -->
</testsuite> <!-- BankManagerLogin -->
