<?xml version="1.0" encoding="UTF-8"?>
<!-- Generated by org.testng.reporters.JUnitXMLReporter -->
<testsuite hostname="MBRLT00401" name="LoginTest" tests="1" failures="1" timestamp="23 Jan 2020 09:31:47 GMT" time="30.292" errors="0">
  <testcase name="loginAsBankManager" time="30.257" classname="com.rajat.Testcases.LoginTest">
    <failure type="java.lang.AssertionError" message="login not successfully expected [true] but found [false]">
      <![CDATA[java.lang.AssertionError: login not successfully expected [true] but found [false]
	at com.rajat.Testcases.LoginTest.loginAsBankManager(LoginTest.java:15)
... Removed 27 stack frames]]>
    </failure>
  </testcase> <!-- loginAsBankManager -->
</testsuite> <!-- LoginTest -->
